<?xml version="1.0" encoding="utf-8"?><testsuites name="pytest tests"><testsuite name="pytest" errors="0" failures="0" skipped="0" tests="15" time="5.441" timestamp="2026-01-26T03:40:25.909537+00:00" hostname="agent-env-a77a33f4-258a-4d4b-a01f-7c4e8921e32d"><testcase classname="backend.tests.test_operations.TestOperationsAPI" name="test_health_check" time="0.372" /><testcase classname="backend.tests.test_operations.TestOperationsAPI" name="test_get_operations_endpoint" time="0.278" /><testcase classname="backend.tests.test_operations.TestOperationsAPI" name="test_operations_pagination" time="0.273" /><testcase classname="backend.tests.test_operations.TestOperationsAPI" name="test_operations_filter_by_date" time="0.282" /><testcase classname="backend.tests.test_operations.TestOperationsAPI" name="test_operations_filter_by_gerente" time="0.365" /><testcase classname="backend.tests.test_operations.TestOperationsAPI" name="test_operations_filter_by_type" time="0.283" /><testcase classname="backend.tests.test_operations.TestOperationsAPI" name="test_export_csv" time="0.273" /><testcase classname="backend.tests.test_operations.TestOperationsAPI" name="test_export_xlsx" time="0.481" /><testcase classname="backend.tests.test_operations.TestOperationsAPI" name="test_operations_summary" time="0.319" /><testcase classname="backend.tests.test_operations.TestOperationsAPI" name="test_add_stamp_creates_operation_log" time="0.337" /><testcase classname="backend.tests.test_operations.TestOperationsAPI" name="test_real_card_stamp_creates_operation" time="0.872" /><testcase classname="backend.tests.test_operations.TestOperationsAPI" name="test_operations_unauthorized_access" time="0.308" /><testcase classname="backend.tests.test_operations.TestOperationsAPI" name="test_export_unauthorized_access" time="0.299" /><testcase classname="backend.tests.test_operations.TestOperationDataIntegrity" name="test_operation_record_structure" time="0.284" /><testcase classname="backend.tests.test_operations.TestOperationDataIntegrity" name="test_gerente_attribution_in_operations" time="0.289" /></testsuite></testsuites>