<?xml version="1.0" encoding="utf-8"?><testsuites name="pytest tests"><testsuite name="pytest" errors="0" failures="0" skipped="0" tests="12" time="3.900" timestamp="2026-01-29T03:58:40.554409+00:00" hostname="agent-env-90ce7302-6359-48b8-b60b-6e95dd690613"><testcase classname="backend.tests.test_card_type_tracking.TestCardTypeTracking" name="test_operations_returns_card_types_in_filters" time="0.323" /><testcase classname="backend.tests.test_card_type_tracking.TestCardTypeTracking" name="test_operations_supports_card_type_filter" time="0.349" /><testcase classname="backend.tests.test_card_type_tracking.TestCardTypeTracking" name="test_operations_have_card_type_fields" time="0.300" /><testcase classname="backend.tests.test_card_type_tracking.TestCardTypeTracking" name="test_summary_returns_by_card_type" time="0.298" /><testcase classname="backend.tests.test_card_type_tracking.TestCardTypeTracking" name="test_summary_returns_card_types_in_filters" time="0.297" /><testcase classname="backend.tests.test_card_type_tracking.TestCardTypeTracking" name="test_summary_supports_card_type_filter" time="0.343" /><testcase classname="backend.tests.test_card_type_tracking.TestCardTypeTracking" name="test_csv_export_includes_card_type_columns" time="0.288" /><testcase classname="backend.tests.test_card_type_tracking.TestCardTypeTracking" name="test_csv_export_supports_card_type_filter" time="0.330" /><testcase classname="backend.tests.test_card_type_tracking.TestCardTypeTracking" name="test_operation_has_purchase_sum_and_redeemed_value_fields" time="0.334" /><testcase classname="backend.tests.test_card_type_tracking.TestCardTypeTracking" name="test_create_operation_with_card_type" time="0.367" /><testcase classname="backend.tests.test_card_type_tracking.TestOperationsEndpointStructure" name="test_operations_response_structure" time="0.317" /><testcase classname="backend.tests.test_card_type_tracking.TestOperationsEndpointStructure" name="test_summary_response_structure" time="0.300" /></testsuite></testsuites>