<?xml version="1.0" encoding="utf-8"?><testsuites name="pytest tests"><testsuite name="pytest" errors="0" failures="0" skipped="2" tests="14" time="6.489" timestamp="2026-04-23T03:07:57.430075+00:00" hostname="agent-env-965124e7-e6d7-4304-9701-5bd45af421d2"><testcase classname="backend.tests.test_role_editing.TestRoleEditingBackend" name="test_01_super_admin_login" time="0.446" /><testcase classname="backend.tests.test_role_editing.TestRoleEditingBackend" name="test_02_workspace_admin_login" time="0.375" /><testcase classname="backend.tests.test_role_editing.TestRoleEditingBackend" name="test_03_get_workspace_users_as_workspace_admin" time="0.501" /><testcase classname="backend.tests.test_role_editing.TestRoleEditingBackend" name="test_04_role_update_endpoint_exists" time="0.465" /><testcase classname="backend.tests.test_role_editing.TestRoleEditingBackend" name="test_05_workspace_admin_can_change_operator_to_admin" time="0.438"><skipped type="pytest.skip" message="No operator found in workspace to test role change">/app/backend/tests/test_role_editing.py:112: No operator found in workspace to test role change</skipped></testcase><testcase classname="backend.tests.test_role_editing.TestRoleEditingBackend" name="test_06_workspace_admin_cannot_set_super_admin_role" time="0.494" /><testcase classname="backend.tests.test_role_editing.TestRoleEditingBackend" name="test_07_super_admin_can_set_super_admin_role" time="0.506"><skipped type="pytest.skip" message="No operator found to test super_admin role assignment">/app/backend/tests/test_role_editing.py:190: No operator found to test super_admin role assignment</skipped></testcase><testcase classname="backend.tests.test_role_editing.TestRoleEditingBackend" name="test_08_invalid_role_rejected" time="0.513" /><testcase classname="backend.tests.test_role_editing.TestRoleEditingBackend" name="test_09_workspace_admin_cannot_access_other_workspace" time="0.434" /><testcase classname="backend.tests.test_role_editing.TestRoleEditingBackend" name="test_10_operator_cannot_access_role_endpoint" time="0.467" /><testcase classname="backend.tests.test_role_editing.TestWorkspaceAdminPageUI" name="test_11_workspace_admin_can_get_workspace_details" time="0.447" /><testcase classname="backend.tests.test_role_editing.TestWorkspaceAdminPageUI" name="test_12_workspace_admin_can_list_users" time="0.464" /><testcase classname="backend.tests.test_role_editing.TestSuperAdminDashboardRoleEditing" name="test_13_super_admin_dashboard_returns_workspaces" time="0.387" /><testcase classname="backend.tests.test_role_editing.TestSuperAdminDashboardRoleEditing" name="test_14_super_admin_can_get_workspace_users" time="0.446" /></testsuite></testsuites>