<?xml version="1.0" encoding="utf-8"?><testsuites name="pytest tests"><testsuite name="pytest" errors="0" failures="0" skipped="0" tests="13" time="3.659" timestamp="2026-04-13T03:02:32.438471+00:00" hostname="agent-env-965124e7-e6d7-4304-9701-5bd45af421d2"><testcase classname="backend.tests.test_super_admin_dashboard.TestMasterCodeVerification" name="test_verify_correct_master_code" time="0.190" /><testcase classname="backend.tests.test_super_admin_dashboard.TestMasterCodeVerification" name="test_verify_wrong_master_code" time="0.052" /><testcase classname="backend.tests.test_super_admin_dashboard.TestMasterCodeVerification" name="test_verify_empty_master_code" time="0.051" /><testcase classname="backend.tests.test_super_admin_dashboard.TestDashboardEndpoint" name="test_dashboard_requires_auth" time="0.051" /><testcase classname="backend.tests.test_super_admin_dashboard.TestDashboardEndpoint" name="test_dashboard_requires_super_admin" time="0.335" /><testcase classname="backend.tests.test_super_admin_dashboard.TestDashboardEndpoint" name="test_dashboard_returns_data" time="0.338" /><testcase classname="backend.tests.test_super_admin_dashboard.TestWorkspaceUsersEndpoint" name="test_get_workspace_users_requires_super_admin" time="0.059" /><testcase classname="backend.tests.test_super_admin_dashboard.TestWorkspaceUsersEndpoint" name="test_get_workspace_users_success" time="0.111" /><testcase classname="backend.tests.test_super_admin_dashboard.TestResetPasswordEndpoint" name="test_reset_password_requires_master_code" time="0.161" /><testcase classname="backend.tests.test_super_admin_dashboard.TestResetPasswordEndpoint" name="test_reset_password_auto_mode" time="0.946" /><testcase classname="backend.tests.test_super_admin_dashboard.TestResetPasswordEndpoint" name="test_reset_password_manual_mode" time="0.935" /><testcase classname="backend.tests.test_super_admin_dashboard.TestToggleWorkspaceActive" name="test_toggle_requires_super_admin" time="0.053" /><testcase classname="backend.tests.test_super_admin_dashboard.TestToggleWorkspaceActive" name="test_toggle_workspace_active_status" time="0.247" /></testsuite></testsuites>