<?xml version="1.0" encoding="utf-8"?><testsuites name="pytest tests"><testsuite name="pytest" errors="0" failures="0" skipped="0" tests="15" time="5.295" timestamp="2026-01-14T00:27:37.367636+00:00" hostname="agent-env-93903a43-e36c-4184-bb11-b5c346d2bb53"><testcase classname="tests.test_scanner_api.TestHealthCheck" name="test_api_health" time="0.074" /><testcase classname="tests.test_scanner_api.TestHealthCheck" name="test_api_root" time="0.042" /><testcase classname="tests.test_scanner_api.TestAuthentication" name="test_login_success" time="0.262" /><testcase classname="tests.test_scanner_api.TestAuthentication" name="test_login_invalid_credentials" time="0.040" /><testcase classname="tests.test_scanner_api.TestAuthentication" name="test_auth_me_without_token" time="0.039" /><testcase classname="tests.test_scanner_api.TestCardScanning" name="test_scan_demo_stamp_card" time="0.304" /><testcase classname="tests.test_scanner_api.TestCardScanning" name="test_scan_real_discount_card" time="0.811" /><testcase classname="tests.test_scanner_api.TestCardScanning" name="test_scan_invalid_card" time="0.754" /><testcase classname="tests.test_scanner_api.TestCardActions" name="test_add_stamp_to_demo_card" time="0.307" /><testcase classname="tests.test_scanner_api.TestCardActions" name="test_add_point_to_discount_card" time="0.860" /><testcase classname="tests.test_scanner_api.TestCardActions" name="test_redeem_reward_demo_card" time="0.306" /><testcase classname="tests.test_scanner_api.TestCardTypes" name="test_demo_cashback_card" time="0.333" /><testcase classname="tests.test_scanner_api.TestCardTypes" name="test_demo_discount_card" time="0.342" /><testcase classname="tests.test_scanner_api.TestCardTypes" name="test_demo_coupon" time="0.303" /><testcase classname="tests.test_scanner_api.TestCardTypes" name="test_demo_multipass" time="0.331" /></testsuite></testsuites>