<?xml version="1.0" encoding="utf-8"?><testsuites name="pytest tests"><testsuite name="pytest" errors="0" failures="0" skipped="0" tests="12" time="2.536" timestamp="2026-03-30T00:02:18.924969+00:00" hostname="agent-env-f3a25fa5-515a-4a76-a4c2-c384ca6ea497"><testcase classname="tests.test_stamp_spend_mode.TestStampConfig" name="test_get_stamp_config" time="0.489" /><testcase classname="tests.test_stamp_spend_mode.TestStampProgress" name="test_reset_progress" time="0.108" /><testcase classname="tests.test_stamp_spend_mode.TestStampProgress" name="test_get_initial_progress" time="0.114" /><testcase classname="tests.test_stamp_spend_mode.TestStampProgress" name="test_add_partial_spend_5000" time="0.118" /><testcase classname="tests.test_stamp_spend_mode.TestStampProgress" name="test_add_partial_spend_7000_earns_stamp" time="0.114" /><testcase classname="tests.test_stamp_spend_mode.TestStampProgress" name="test_verify_remaining_progress" time="0.132" /><testcase classname="tests.test_stamp_spend_mode.TestStampCardLookup" name="test_get_card_by_id" time="0.619" /><testcase classname="tests.test_stamp_spend_mode.TestMultipleStampsEarned" name="test_reset_for_multi_stamp_test" time="0.112" /><testcase classname="tests.test_stamp_spend_mode.TestMultipleStampsEarned" name="test_large_purchase_earns_multiple_stamps" time="0.100" /><testcase classname="tests.test_stamp_spend_mode.TestEdgeCases" name="test_reset_for_edge_cases" time="0.110" /><testcase classname="tests.test_stamp_spend_mode.TestEdgeCases" name="test_exact_threshold_amount" time="0.111" /><testcase classname="tests.test_stamp_spend_mode.TestEdgeCases" name="test_small_amount_accumulates" time="0.284" /></testsuite></testsuites>