<?xml version="1.0" encoding="utf-8"?><testsuites name="pytest tests"><testsuite name="pytest" errors="0" failures="0" skipped="0" tests="12" time="4.828" timestamp="2026-04-12T21:56:04.771817+00:00" hostname="agent-env-965124e7-e6d7-4304-9701-5bd45af421d2"><testcase classname="tests.test_workspace_isolation.TestAuthWorkspaceInfo" name="test_demo_user_login_returns_workspace_info" time="0.431" /><testcase classname="tests.test_workspace_isolation.TestAuthWorkspaceInfo" name="test_cafe_user_login_returns_workspace_info" time="0.331" /><testcase classname="tests.test_workspace_isolation.TestAuthWorkspaceInfo" name="test_auth_me_returns_workspace_id" time="0.519" /><testcase classname="tests.test_workspace_isolation.TestOperationsWorkspaceIsolation" name="test_demo_user_sees_operations" time="0.466" /><testcase classname="tests.test_workspace_isolation.TestOperationsWorkspaceIsolation" name="test_cafe_user_sees_no_operations" time="0.449" /><testcase classname="tests.test_workspace_isolation.TestOperationsWorkspaceIsolation" name="test_demo_user_summary_has_operations" time="0.452" /><testcase classname="tests.test_workspace_isolation.TestOperationsWorkspaceIsolation" name="test_cafe_user_summary_has_zero_operations" time="0.420" /><testcase classname="tests.test_workspace_isolation.TestSettingsWorkspaceIsolation" name="test_stamp_config_is_workspace_scoped" time="0.446" /><testcase classname="tests.test_workspace_isolation.TestSettingsWorkspaceIsolation" name="test_discount_tiers_is_workspace_scoped" time="0.435" /><testcase classname="tests.test_workspace_isolation.TestWorkspaceCreation" name="test_create_workspace_requires_master_code" time="0.113" /><testcase classname="tests.test_workspace_isolation.TestWorkspaceCreation" name="test_create_workspace_with_valid_master_code" time="0.106" /><testcase classname="tests.test_workspace_isolation.TestWorkspaceAdminAccess" name="test_workspace_admin_can_get_workspace" time="0.550" /></testsuite></testsuites>