<?xml version="1.0" encoding="utf-8"?><testsuites name="pytest tests"><testsuite name="pytest" errors="0" failures="0" skipped="0" tests="21" time="10.378" timestamp="2026-03-30T02:35:10.372353+00:00" hostname="agent-env-f3a25fa5-515a-4a76-a4c2-c384ca6ea497"><testcase classname="tests.test_uat_verification.TestLoginAndAuth" name="test_login_success" time="0.375" /><testcase classname="tests.test_uat_verification.TestLoginAndAuth" name="test_login_invalid_credentials" time="0.148" /><testcase classname="tests.test_uat_verification.TestDiscountCard" name="test_get_discount_card" time="0.925" /><testcase classname="tests.test_uat_verification.TestDiscountCard" name="test_discount_card_balance_structure" time="0.476" /><testcase classname="tests.test_uat_verification.TestDiscountCard" name="test_discount_card_add_purchase" time="0.556" /><testcase classname="tests.test_uat_verification.TestCashbackCard" name="test_get_cashback_card" time="0.485" /><testcase classname="tests.test_uat_verification.TestCashbackCard" name="test_cashback_card_balance_in_currency" time="0.483" /><testcase classname="tests.test_uat_verification.TestCashbackCard" name="test_cashback_card_add_purchase" time="0.487" /><testcase classname="tests.test_uat_verification.TestMembershipCard" name="test_get_membership_card" time="0.491" /><testcase classname="tests.test_uat_verification.TestMembershipCard" name="test_membership_card_visit_count" time="0.488" /><testcase classname="tests.test_uat_verification.TestMembershipCard" name="test_membership_redeem_without_purchase_amount" time="1.272" /><testcase classname="tests.test_uat_verification.TestRewardCard" name="test_get_reward_card" time="0.502" /><testcase classname="tests.test_uat_verification.TestRewardCard" name="test_reward_card_accrual_mode_endpoint" time="0.050" /><testcase classname="tests.test_uat_verification.TestRewardCard" name="test_reward_card_save_accrual_mode" time="0.049" /><testcase classname="tests.test_uat_verification.TestRewardCard" name="test_reward_card_add_visit" time="0.545" /><testcase classname="tests.test_uat_verification.TestStampCard" name="test_get_stamp_card" time="0.544" /><testcase classname="tests.test_uat_verification.TestStampCard" name="test_stamp_card_balance_structure" time="0.498" /><testcase classname="tests.test_uat_verification.TestStampCard" name="test_stamp_card_daily_limit_error_format" time="1.301" /><testcase classname="tests.test_uat_verification.TestStampConfig" name="test_get_stamp_config" time="0.056" /><testcase classname="tests.test_uat_verification.TestStampConfig" name="test_get_stamp_progress" time="0.051" /><testcase classname="tests.test_uat_verification.TestScanEndpoint" name="test_scan_by_card_id" time="0.511" /></testsuite></testsuites>