<?xml version="1.0" encoding="utf-8"?><testsuites name="pytest tests"><testsuite name="pytest" errors="0" failures="0" skipped="0" tests="12" time="7.374" timestamp="2026-04-12T23:24:15.685390+00:00" hostname="agent-env-965124e7-e6d7-4304-9701-5bd45af421d2"><testcase classname="tests.test_refactored_ui.TestAuthentication" name="test_login_demo_user" time="0.457" /><testcase classname="tests.test_refactored_ui.TestCardScanning" name="test_scan_cashback_card" time="0.906" /><testcase classname="tests.test_refactored_ui.TestCardScanning" name="test_scan_discount_card" time="0.895" /><testcase classname="tests.test_refactored_ui.TestCardScanning" name="test_scan_membership_card" time="0.890" /><testcase classname="tests.test_refactored_ui.TestCardScanning" name="test_scan_reward_card" time="0.852" /><testcase classname="tests.test_refactored_ui.TestAccrualModeEndpoints" name="test_get_accrual_mode" time="0.455" /><testcase classname="tests.test_refactored_ui.TestAccrualModeEndpoints" name="test_set_accrual_mode" time="0.538" /><testcase classname="tests.test_refactored_ui.TestOperationsPage" name="test_get_operations" time="0.487" /><testcase classname="tests.test_refactored_ui.TestSettingsPage" name="test_get_settings" time="0.470" /><testcase classname="tests.test_refactored_ui.TestSettingsPage" name="test_get_stamp_config" time="0.446" /><testcase classname="tests.test_refactored_ui.TestSettingsPage" name="test_get_discount_tiers" time="0.447" /><testcase classname="tests.test_refactored_ui.TestTierProgress" name="test_get_tier_progress" time="0.427" /></testsuite></testsuites>